[?25l[2J[m[2;1H> @pulsar-framework/formular-ui@0.1.0-alpha build:isolated E:\Sources\visual-schema-builder\packages\pulsar-formular-ui
> tsc --project tsconfig.build.json[5;1H]0;C:\WINDOWS\system32\cmd.exe[?25h[?25l[96m../formular.dev/src/core/formular-engine/formular-base/formular-base.types.ts[m:[93m1[m:[93m32 [m- [91merror [90mTS2307: [mCannot find module '@core/framework/common/common.input.data.types' or its corresponding type declarations.[7m[8;1H1[27m import { InputDataTypes } from '@core/framework/common/common.input.data.types'[7m
 [27m[32X[91m[32C~~~~~~~~~~~~~~~~~~~~~~~~~~~~~~~~~~~~~~~~~~~~~~~~[96m[11;1H../formular.dev/src/core/formular-engine/formular-base/formular-base.types.ts[m:[93m2[m:[93m28 [m- [91merror [90mTS2307: [mCannot find module '@core/framework/events/events.types' or its corresponding type declarations.[7m[14;1H2[27m import { EventsType } from '@core/framework/events/events.types'[7m
 [27m[28X[91m[28C~~~~~~~~~~~~~~~~~~~~~~~~~~~~~~~~~~~~~[96m[17;1H../formular.dev/src/core/formular-engine/formular-base/formular-base.types.ts[m:[93m3[m:[93m32 [m- [91merror [90mTS2307: [mCannot find module '@core/input-engine/core/input-base/input-base.types' or its corresponding type declarations.[7m[20;1H3[27m import { IExtendedInput } from '@core/input-engine/core/input-base/input-base.types'[7m
 [27m[32X[91m[32C~~~~~~~~~~~~~~~~~~~~~~~~~~~~~~~~~~~~~~~~~~~~~~~~~~~~~[96m[23;1H../formular.dev/src/core/formular-engine/formular-base/formular-base.types.ts[m:[93m4[m:[93m34 [m- [91merror [90mTS2307: [mCannot find module '@core/managers/formular-manager/formular-manager.types' or its corresponding type declarations.[7m[26;1H4[27m import { IFormularManager } from '@core/managers/formular-manager/formular-manager.types'[7m
 [27m[34X[91m[34C~~~~~~~~~~~~~~~~~~~~~~~~~~~~~~~~~~~~~~~~~~~~~~~~~~~~~~~~
[?25h[m
[96m../formular.dev/src/core/formular-engine/formular-base/formular-base.types.ts[m:[93m5[m:[93m38 [m- [91merror [90mTS2307: [mCannot find module '@core/managers/notif
[27;139Hfication-manager/notification-manager-base.types' or its corresponding type declarations.

[7m5[27m import { INotificationManager } from '@core/managers/notification-manager/notification-manager-base.types'[K
[7m [27m[38X[91m[38C~~~~~~~~~~~~~~~~~~~~~~~~~~~~~~~~~~~~~~~~~~~~~~~~~~~~~~~~~~~~~~~~~~~~~[K[m

[96m../formular.dev/src/core/formular-engine/formular-base/formular-base.types.ts[m:[93m9[m:[93m8 [m- [91merror [90mTS2307: [mCannot find module '@core/managers/valida
[27;139Hation-manager/validation-manager.types' or its corresponding type declarations.

[7m9[27m } from '@core/managers/validation-manager/validation-manager.types'[K
[7m [27m        [91m~~~~~~~~~~~~~~~~~~~~~~~~~~~~~~~~~~~~~~~~~~~~~~~~~~~~~~~~~~~~[K[m

[96m../formular.dev/src/core/formular-engine/formular-base/formular-base.types.ts[m:[93m10[m:[93m31 [m- [91merror [90mTS2307: [mCannot find module '@core/status' or it
[27;139Hts corresponding type declarations.

[7m10[27m import { LoadingStatus } from '@core/status'[K
[7m  [27m[31X[91m[31C~~~~~~~~~~~~~~[K[m

[96m../formular.dev/src/core/framework/schema/descriptor/field.descriptor.ts[m:[93m1[m:[93m32 [m- [91merror [90mTS2307: [mCannot find module '@core/framework/common/co
[27;139Hommon.input.types' or its corresponding type declarations.

[7m1[27m import { InputTypeNames } from '@core/framework/common/common.input.types'[K
[7m [27m[32X[91m[32C~~~~~~~~~~~~~~~~~~~~~~~~~~~~~~~~~~~~~~~~~~~[K[m

[96m../formular.dev/src/core/framework/schema/descriptor/field.descriptor.ts[m:[93m3[m:[93m32 [m- [91merror [90mTS2307: [mCannot find module '@core/framework/common/co
[27;139Hommon.input.data.types' or its corresponding type declarations.

[7m3[27m import { InputDataTypes } from '@core/framework/common/common.input.data.types'[K
[7m [27m[32X[91m[32C~~~~~~~~~~~~~~~~~~~~~~~~~~~~~~~~~~~~~~~~~~~~~~~~[K[m

[96m../formular.dev/src/core/framework/schema/descriptor/field.descriptor.ts[m:[93m4[m:[93m29 [m- [91merror [90mTS2307: [mCannot find module '@core/framework/models/er
[27;139Hrrors/i-field-error' or its corresponding type declarations.

[7m4[27m import { IFieldError } from '@core/framework/models/errors/i-field-error'[K
[7m [27m[29X[91m[29C~~~~~~~~~~~~~~~~~~~~~~~~~~~~~~~~~~~~~~~~~~~~~[K[m

[96m../formular.dev/src/core/framework/schema/descriptor/field.descriptor.ts[m:[93m5[m:[93m29 [m- [91merror [90mTS2307: [mCannot find module '@core/framework/models/er
[27;139Hrrors/i-field-guide' or its corresponding type declarations.

[7m5[27m import { IFieldGuide } from '@core/framework/models/errors/i-field-guide'[K
[7m [27m[29X[91m[29C~~~~~~~~~~~~~~~~~~~~~~~~~~~~~~~~~~~~~~~~~~~~~[K[m

[96m../formular.dev/src/core/framework/schema/descriptor/field.descriptor.ts[m:[93m6[m:[93m36 [m- [91merror [90mTS2307: [mCannot find module '@core/managers/validation
[27;139Hn-manager/validation-manager.types' or its corresponding type declarations.

[7m6[27m import { IValidationOptions } from '@core/managers/validation-manager/validation-manager.types'[K
[7m [27m[36X[91m[36C~~~~~~~~~~~~~~~~~~~~~~~~~~~~~~~~~~~~~~~~~~~~~~~~~~~~~~~~~~~~[K[m

[96m../formular.dev/src/core/framework/schema/descriptor/field.descriptor.ts[m:[93m8[m:[93m29 [m- [91merror [90mTS2307: [mCannot find module '../option-schema/options.
[27;139H.scheme.types' or its corresponding type declarations.

[7m8[27m import { IOptionItem } from '../option-schema/options.scheme.types'[K
[7m [27m[29X[91m[29C~~~~~~~~~~~~~~~~~~~~~~~~~~~~~~~~~~~~~~~[K[m

[96m../formular.dev/src/core/managers/formular-manager/formular-manager.types.ts[m:[93m1[m:[93m27 [m- [91merror [90mTS2307: [mCannot find module '@core/formular-engine
[27;139He/formular-base/formular-base.types' or its corresponding type declarations.

[7m1[27m import { IFormular } from '@core/formular-engine/formular-base/formular-base.types'[K
[7m [27m[27X[91m[27C~~~~~~~~~~~~~~~~~~~~~~~~~~~~~~~~~~~~~~~~~~~~~~~~~~~~~~~~~[K[m

[96m../formular.dev/src/core/managers/formular-manager/formular-manager.types.ts[m:[93m3[m:[93m31 [m- [91merror [90mTS2307: [mCannot find module '@core/framework/schem
[27;139Hma/field-schema/field-schema-types' or its corresponding type declarations.

[7m3[27m import { IEntityScheme } from '@core/framework/schema/field-schema/field-schema-types'[K
[7m [27m[31X[91m[31C~~~~~~~~~~~~~~~~~~~~~~~~~~~~~~~~~~~~~~~~~~~~~~~~~~~~~~~~[K[m

[96m../formular.dev/src/core/managers/formular-manager/formular-manager.types.ts[m:[93m5[m:[93m34 [m- [91merror [90mTS2307: [mCannot find module '@core/framework/schem
[27;139Hma/descriptor/field.descriptor' or its corresponding type declarations.

[7m5[27m import { IFieldDescriptor } from '@core/framework/schema/descriptor/field.descriptor'[K
[7m [27m[34X[91m[34C~~~~~~~~~~~~~~~~~~~~~~~~~~~~~~~~~~~~~~~~~~~~~~~~~~~~[K[m

[96m../formular.dev/src/core/managers/formular-manager/formular-manager.types.ts[m:[93m6[m:[93m38 [m- [91merror [90mTS2307: [mCannot find module '@core/managers/notifi
[27;139Hication-manager/notification-manager-base.types' or its corresponding type declarations.

[7m6[27m import { INotificationManager } from '@core/managers/notification-manager/notification-manager-base.types'[K
[7m [27m[38X[91m[38C~~~~~~~~~~~~~~~~~~~~~~~~~~~~~~~~~~~~~~~~~~~~~~~~~~~~~~~~~~~~~~~~~~~~~[K[m

[96m../pulsar-ui.dev/src/components/atoms/checkbox/checkbox.tsx[m:[93m6[m:[93m10 [m- [91merror [90mTS2305: [mModule '"@pulsar-framework/design-tokens"' has no exported
[27;139Hd member 'checkboxSizeClasses'.

[7m6[27m import { checkboxSizeClasses, cn, roundedClasses } from '@pulsar-framework/design-tokens'[K
[7m [27m[10X[91m[10C~~~~~~~~~~~~~~~~~~~[K[m

[96m../pulsar-ui.dev/src/components/atoms/checkbox/checkbox.tsx[m:[93m6[m:[93m31 [m- [91merror [90mTS2305: [mModule '"@pulsar-framework/design-tokens"' has no exported
[27;139Hd member 'cn'.

[7m6[27m import { checkboxSizeClasses, cn, roundedClasses } from '@pulsar-framework/design-tokens'[K
[7m [27m[31X[91m[31C~~[K[m

[96m../pulsar-ui.dev/src/components/atoms/checkbox/checkbox.tsx[m:[93m6[m:[93m35 [m- [91merror [90mTS2305: [mModule '"@pulsar-framework/design-tokens"' has no exported
[27;139Hd member 'roundedClasses'.

[7m6[27m import { checkboxSizeClasses, cn, roundedClasses } from '@pulsar-framework/design-tokens'[K
[7m [27m[35X[91m[35C~~~~~~~~~~~~~~[K[m

[96m../pulsar-ui.dev/src/components/atoms/input/input.tsx[m:[93m6[m:[93m10 [m- [91merror [90mTS2305: [mModule '"@pulsar-framework/design-tokens"' has no exported membe
[27;139Her 'cn'.

[7m6[27m import { cn, inputSizeClasses, roundedClasses } from '@pulsar-framework/design-tokens'[K
[7m [27m[10X[91m[10C~~[K[m

[96m../pulsar-ui.dev/src/components/atoms/input/input.tsx[m:[93m6[m:[93m14 [m- [91merror [90mTS2305: [mModule '"@pulsar-framework/design-tokens"' has no exported membe
[27;139Her 'inputSizeClasses'.

[7m6[27m import { cn, inputSizeClasses, roundedClasses } from '@pulsar-framework/design-tokens'[K
[7m [27m[14X[91m[14C~~~~~~~~~~~~~~~~[K[m

[96m../pulsar-ui.dev/src/components/atoms/input/input.tsx[m:[93m6[m:[93m32 [m- [91merror [90mTS2305: [mModule '"@pulsar-framework/design-tokens"' has no exported membe
[27;139Her 'roundedClasses'.

[7m6[27m import { cn, inputSizeClasses, roundedClasses } from '@pulsar-framework/design-tokens'[K
[7m [27m[32X[91m[32C~~~~~~~~~~~~~~[K[m

[96m../pulsar-ui.dev/src/components/atoms/radio/radio.tsx[m:[93m6[m:[93m10 [m- [91merror [90mTS2305: [mModule '"@pulsar-framework/design-tokens"' has no exported membe
[27;139Her 'checkboxSizeClasses'.

[7m6[27m import { checkboxSizeClasses, cn } from '@pulsar-framework/design-tokens'[K
[7m [27m[10X[91m[10C~~~~~~~~~~~~~~~~~~~[K[m

[96m../pulsar-ui.dev/src/components/atoms/radio/radio.tsx[m:[93m6[m:[93m31 [m- [91merror [90mTS2305: [mModule '"@pulsar-framework/design-tokens"' has no exported membe
[27;139Her 'cn'.

[7m6[27m import { checkboxSizeClasses, cn } from '@pulsar-framework/design-tokens'[K
[7m [27m[31X[91m[31C~~[K[m

[96m../pulsar-ui.dev/src/components/atoms/spinner/spinner.tsx[m:[93m7[m:[93m10 [m- [91merror [90mTS2305: [mModule '"@pulsar-framework/design-tokens"' has no exported m
[27;139Hmember 'cn'.

[7m7[27m import { cn } from '@pulsar-framework/design-tokens'[K
[7m [27m[10X[91m[10C~~[K[m

[96m../pulsar-ui.dev/src/components/atoms/textarea/textarea.tsx[m:[93m6[m:[93m10 [m- [91merror [90mTS2305: [mModule '"@pulsar-framework/design-tokens"' has no exported
[27;139Hd member 'cn'.

[7m6[27m import { cn, roundedClasses, textareaSizeClasses } from '@pulsar-framework/design-tokens'[K
[7m [27m[10X[91m[10C~~[K[m

[96m../pulsar-ui.dev/src/components/atoms/textarea/textarea.tsx[m:[93m6[m:[93m14 [m- [91merror [90mTS2305: [mModule '"@pulsar-framework/design-tokens"' has no exported
[27;139Hd member 'roundedClasses'.

[7m6[27m import { cn, roundedClasses, textareaSizeClasses } from '@pulsar-framework/design-tokens'[K
[7m [27m[14X[91m[14C~~~~~~~~~~~~~~[K[m

[96m../pulsar-ui.dev/src/components/atoms/textarea/textarea.tsx[m:[93m6[m:[93m30 [m- [91merror [90mTS2305: [mModule '"@pulsar-framework/design-tokens"' has no exported
[27;139Hd member 'textareaSizeClasses'.

[7m6[27m import { cn, roundedClasses, textareaSizeClasses } from '@pulsar-framework/design-tokens'[K
[7m [27m[30X[91m[30C~~~~~~~~~~~~~~~~~~~[K[m

[96m../pulsar-ui.dev/src/components/atoms/toggle/toggle.tsx[m:[93m6[m:[93m10 [m- [91merror [90mTS2305: [mModule '"@pulsar-framework/design-tokens"' has no exported mem
[27;139Hmber 'cn'.

[7m6[27m import { cn, toggleSizeClasses } from '@pulsar-framework/design-tokens'[K
[7m [27m[10X[91m[10C~~[K[m

[96m../pulsar-ui.dev/src/components/atoms/toggle/toggle.tsx[m:[93m6[m:[93m14 [m- [91merror [90mTS2305: [mModule '"@pulsar-framework/design-tokens"' has no exported mem
[27;139Hmber 'toggleSizeClasses'.

[7m6[27m import { cn, toggleSizeClasses } from '@pulsar-framework/design-tokens'[K
[7m [27m[14X[91m[14C~~~~~~~~~~~~~~~~~[K[m

[96m../pulsar-ui.dev/src/components/atoms/typography/typography.tsx[m:[93m6[m:[93m10 [m- [91merror [90mTS2305: [mModule '"@pulsar-framework/design-tokens"' has no expo
[27;139Horted member 'cn'.

[7m6[27m import { cn, typographyVariantClasses } from '@pulsar-framework/design-tokens'[K
[7m [27m[10X[91m[10C~~[K[m

[96m../pulsar-ui.dev/src/components/atoms/typography/typography.tsx[m:[93m6[m:[93m14 [m- [91merror [90mTS2305: [mModule '"@pulsar-framework/design-tokens"' has no expo
[27;139Horted member 'typographyVariantClasses'.

[7m6[27m import { cn, typographyVariantClasses } from '@pulsar-framework/design-tokens'[K
[7m [27m[14X[91m[14C~~~~~~~~~~~~~~~~~~~~~~~~[K[m

[96m../pulsar-ui.dev/src/components/molecules/badge/badge.tsx[m:[93m7[m:[93m10 [m- [91merror [90mTS2305: [mModule '"@pulsar-framework/design-tokens"' has no exported m
[27;139Hmember 'badgeSizeClasses'.

[7m7[27m import { badgeSizeClasses, cn, roundedClasses } from '@pulsar-framework/design-tokens'[K
[7m [27m[10X[91m[10C~~~~~~~~~~~~~~~~[K[m

[96m../pulsar-ui.dev/src/components/molecules/badge/badge.tsx[m:[93m7[m:[93m28 [m- [91merror [90mTS2305: [mModule '"@pulsar-framework/design-tokens"' has no exported m
[27;139Hmember 'cn'.

[7m7[27m import { badgeSizeClasses, cn, roundedClasses } from '@pulsar-framework/design-tokens'[K
[7m [27m[28X[91m[28C~~[K[m

[96m../pulsar-ui.dev/src/components/molecules/badge/badge.tsx[m:[93m7[m:[93m32 [m- [91merror [90mTS2305: [mModule '"@pulsar-framework/design-tokens"' has no exported m
[27;139Hmember 'roundedClasses'.

[7m7[27m import { badgeSizeClasses, cn, roundedClasses } from '@pulsar-framework/design-tokens'[K
[7m [27m[32X[91m[32C~~~~~~~~~~~~~~[K[m

[96m../pulsar-ui.dev/src/components/molecules/button/button.tsx[m:[93m6[m:[93m10 [m- [91merror [90mTS2305: [mModule '"@pulsar-framework/design-tokens"' has no exported
[27;139Hd member 'componentSizes'.

[7m6[27m import { componentSizes } from '@pulsar-framework/design-tokens'[K
[7m [27m[10X[91m[10C~~~~~~~~~~~~~~[K[m

[96m../pulsar-ui.dev/src/components/molecules/button/button.tsx[m:[93m7[m:[93m10 [m- [91merror [90mTS2305: [mModule '"@pulsar-framework/design-tokens"' has no exported
[27;139Hd member 'cn'.

[7m7[27m import { cn, roundedClasses, shadowClasses, transitionDurationClasses } from '@pulsar-framework/design-tokens'[K
[7m [27m[10X[91m[10C~~[K[m

[96m../pulsar-ui.dev/src/components/molecules/button/button.tsx[m:[93m7[m:[93m14 [m- [91merror [90mTS2305: [mModule '"@pulsar-framework/design-tokens"' has no exported
[27;139Hd member 'roundedClasses'.

[7m7[27m import { cn, roundedClasses, shadowClasses, transitionDurationClasses } from '@pulsar-framework/design-tokens'[K
[7m [27m[14X[91m[14C~~~~~~~~~~~~~~[K[m

[96m../pulsar-ui.dev/src/components/molecules/button/button.tsx[m:[93m7[m:[93m30 [m- [91merror [90mTS2305: [mModule '"@pulsar-framework/design-tokens"' has no exported
[27;139Hd member 'shadowClasses'.

[7m7[27m import { cn, roundedClasses, shadowClasses, transitionDurationClasses } from '@pulsar-framework/design-tokens'[K
[7m [27m[30X[91m[30C~~~~~~~~~~~~~[K[m

[96m../pulsar-ui.dev/src/components/molecules/button/button.tsx[m:[93m7[m:[93m45 [m- [91merror [90mTS2305: [mModule '"@pulsar-framework/design-tokens"' has no exported
[27;139Hd member 'transitionDurationClasses'.

[7m7[27m import { cn, roundedClasses, shadowClasses, transitionDurationClasses } from '@pulsar-framework/design-tokens'[K
[7m [27m[45X[91m[45C~~~~~~~~~~~~~~~~~~~~~~~~~[K[m

[96m../pulsar-ui.dev/src/components/molecules/label/label.tsx[m:[93m7[m:[93m10 [m- [91merror [90mTS2305: [mModule '"@pulsar-framework/design-tokens"' has no exported m
[27;139Hmember 'cn'.

[7m7[27m import { cn } from '@pulsar-framework/design-tokens'[K
[7m [27m[10X[91m[10C~~[K[m

[96m../pulsar-ui.dev/src/components/molecules/radio-group/radio-group.tsx[m:[93m7[m:[93m10 [m- [91merror [90mTS2305: [mModule '"@pulsar-framework/design-tokens"' has n
[27;139Hno exported member 'cn'.

[7m7[27m import { cn } from '@pulsar-framework/design-tokens'[K
[7m [27m[10X[91m[10C~~[K[m

[96m../pulsar-ui.dev/src/components/organisms/card/card.tsx[m:[93m7[m:[93m10 [m- [91merror [90mTS2305: [mModule '"@pulsar-framework/design-tokens"' has no exported mem
[27;139Hmber 'cn'.

[7m7[27m import { cn, roundedClasses, shadowClasses } from '@pulsar-framework/design-tokens'[K
[7m [27m[10X[91m[10C~~[K[m

[96m../pulsar-ui.dev/src/components/organisms/card/card.tsx[m:[93m7[m:[93m14 [m- [91merror [90mTS2305: [mModule '"@pulsar-framework/design-tokens"' has no exported mem
[27;139Hmber 'roundedClasses'.

[7m7[27m import { cn, roundedClasses, shadowClasses } from '@pulsar-framework/design-tokens'[K
[7m [27m[14X[91m[14C~~~~~~~~~~~~~~[K[m

[96m../pulsar-ui.dev/src/components/organisms/card/card.tsx[m:[93m7[m:[93m30 [m- [91merror [90mTS2305: [mModule '"@pulsar-framework/design-tokens"' has no exported mem
[27;139Hmber 'shadowClasses'.

[7m7[27m import { cn, roundedClasses, shadowClasses } from '@pulsar-framework/design-tokens'[K
[7m [27m[30X[91m[30C~~~~~~~~~~~~~[K[m

[96m../pulsar-ui.dev/src/components/organisms/select/select.tsx[m:[93m7[m:[93m10 [m- [91merror [90mTS2305: [mModule '"@pulsar-framework/design-tokens"' has no exported
[27;139Hd member 'cn'.

[7m7[27m import { cn, inputSizeClasses, roundedClasses } from '@pulsar-framework/design-tokens'[K
[7m [27m[10X[91m[10C~~[K[m

[96m../pulsar-ui.dev/src/components/organisms/select/select.tsx[m:[93m7[m:[93m14 [m- [91merror [90mTS2305: [mModule '"@pulsar-framework/design-tokens"' has no exported
[27;139Hd member 'inputSizeClasses'.

[7m7[27m import { cn, inputSizeClasses, roundedClasses } from '@pulsar-framework/design-tokens'[K
[7m [27m[14X[91m[14C~~~~~~~~~~~~~~~~[K[m

[96m../pulsar-ui.dev/src/components/organisms/select/select.tsx[m:[93m7[m:[93m32 [m- [91merror [90mTS2305: [mModule '"@pulsar-framework/design-tokens"' has no exported
[27;139Hd member 'roundedClasses'.

[7m7[27m import { cn, inputSizeClasses, roundedClasses } from '@pulsar-framework/design-tokens'[K
[7m [27m[32X[91m[32C~~~~~~~~~~~~~~[K[m

[96m../pulsar-ui.dev/src/design/utility/class-names.ts[m:[93m5[m:[93m10 [m- [91merror [90mTS2305: [mModule '"@pulsar-framework/design-tokens"' has no exported member '
[27;139H'buildClasses'.

[7m5[27m export { buildClasses, cn, conditional } from '@pulsar-framework/design-tokens';[K
[7m [27m[10X[91m[10C~~~~~~~~~~~~[K[m

[96m../pulsar-ui.dev/src/design/utility/class-names.ts[m:[93m5[m:[93m24 [m- [91merror [90mTS2305: [mModule '"@pulsar-framework/design-tokens"' has no exported member '
[27;139H'cn'.

[7m5[27m export { buildClasses, cn, conditional } from '@pulsar-framework/design-tokens';[K
[7m [27m[24X[91m[24C~~[K[m

[96m../pulsar-ui.dev/src/design/utility/class-names.ts[m:[93m5[m:[93m28 [m- [91merror [90mTS2305: [mModule '"@pulsar-framework/design-tokens"' has no exported member '
[27;139H'conditional'.

[7m5[27m export { buildClasses, cn, conditional } from '@pulsar-framework/design-tokens';[K
[7m [27m[28X[91m[28C~~~~~~~~~~~[K[m

[96m../pulsar-ui.dev/src/design/utility/rounded-classes.ts[m:[93m5[m:[93m10 [m- [91merror [90mTS2305: [mModule '"@pulsar-framework/design-tokens"' has no exported memb
[27;139Hber 'roundedClasses'.

[7m5[27m export { roundedClasses } from '@pulsar-framework/design-tokens';[K
[7m [27m[10X[91m[10C~~~~~~~~~~~~~~[K[m

[96m../pulsar.dev/src/dev/dev.types.ts[m:[93m8[m:[93m27 [m- [91merror [90mTS2591: [mCannot find name 'process'. Do you need to install type definitions for node? Try `
[27;139H`npm i --save-dev @types/node` and then add 'node' to the types field in your tsconfig.

[7m8[27m export const DEV = typeof process !== 'undefined' && process.env.NODE_ENV !== 'production'[K
[7m [27m[27X[91m[27C~~~~~~~[K[m

[96m../pulsar.dev/src/dev/dev.types.ts[m:[93m8[m:[93m54 [m- [91merror [90mTS2591: [mCannot find name 'process'. Do you need to install type definitions for node? Try `
[27;139H`npm i --save-dev @types/node` and then add 'node' to the types field in your tsconfig.

[7m8[27m export const DEV = typeof process !== 'undefined' && process.env.NODE_ENV !== 'production'[K
[7m [27m[54X[91m[54C~~~~~~~[K[m

[96m../pulsar.dev/src/error-boundary/catcher.ts[m:[93m39[m:[93m13 [m- [91merror [90mTS2591: [mCannot find name 'process'. Do you need to install type definitions for n
[27;139Hnode? Try `npm i --save-dev @types/node` and then add 'node' to the types field in your tsconfig.

[7m39[27m         if (process.env.NODE_ENV !== 'production') {[K
[7m  [27m[13X[91m[13C~~~~~~~[K[m

[96m../pulsar.dev/src/http/utils/create-http-error.ts[m:[93m27[m:[93m13 [m- [91merror [90mTS2339: [mProperty 'captureStackTrace' does not exist on type 'ErrorConstruct
[27;139Htor'.

[7m27[27m   if (Error.captureStackTrace) {[K
[7m  [27m[13X[91m[13C~~~~~~~~~~~~~~~~~[K[m

[96m../pulsar.dev/src/http/utils/create-http-error.ts[m:[93m28[m:[93m11 [m- [91merror [90mTS2339: [mProperty 'captureStackTrace' does not exist on type 'ErrorConstruct
[27;139Htor'.

[7m28[27m     Error.captureStackTrace(error, createHttpError);[K
[7m  [27m[11X[91m[11C~~~~~~~~~~~~~~~~~[K[m

[96m../pulsar.dev/src/ssr/static/generate-static.ts[m:[93m5[m:[93m21 [m- [91merror [90mTS2307: [mCannot find module 'fs/promises' or its corresponding type declaration
[27;139Hns.

[7m5[27m import * as fs from 'fs/promises';[K
[7m [27m[21X[91m[21C~~~~~~~~~~~~~[K[m

[96m../pulsar.dev/src/ssr/static/generate-static.ts[m:[93m6[m:[93m23 [m- [91merror [90mTS2307: [mCannot find module 'path' or its corresponding type declarations.     [28;1H

[7m6[27m import * as path from 'path';[K
[7m [27m[23X[91m[23C~~~~~~[K[m

[96m../pulsar.dev/src/state/persistence/create-persist-middleware.ts[m:[93m26[m:[93m18 [m- [91merror [90mTS2503: [mCannot find namespace 'NodeJS'.[K

[7m26[27m   let timeoutId: NodeJS.Timeout | null = null;[K
[7m  [27m[18X[91m[18C~~~~~~[K[m

[96m../pulsar.dev/src/testing/mocks.ts[m:[93m70[m:[93m16 [m- [91merror [90mTS2304: [mCannot find name 'afterEach'.[K

[7m70[27m     if (typeof afterEach !== 'undefined') {[K
[7m  [27m[16X[91m[16C~~~~~~~~~[K[m

[96m../pulsar.dev/src/testing/mocks.ts[m:[93m71[m:[93m7 [m- [91merror [90mTS2304: [mCannot find name 'afterEach'.[K

[7m71[27m       afterEach(() => {[K
[7m  [27m       [91m~~~~~~~~~[K[m

[96m../pulsar.dev/src/testing/mocks.ts[m:[93m122[m:[93m25 [m- [91merror [90mTS2304: [mCannot find name 'global'.[K

[7m122[27m   const originalFetch = global.fetch;[K
[7m   [27m[25X[91m[25C~~~~~~[K[m

[96m../pulsar.dev/src/testing/mocks.ts[m:[93m124[m:[93m4 [m- [91merror [90mTS2304: [mCannot find name 'global'.[K

[7m124[27m   (global as any).fetch = async (url: string, options?: RequestInit) => {[K
[7m   [27m    [91m~~~~~~[K[m

[96m../pulsar.dev/src/testing/mocks.ts[m:[93m147[m:[93m14 [m- [91merror [90mTS2304: [mCannot find name 'afterEach'.[K

[7m147[27m   if (typeof afterEach !== 'undefined') {[K
[7m   [27m[14X[91m[14C~~~~~~~~~[K[m

[96m../pulsar.dev/src/testing/mocks.ts[m:[93m148[m:[93m5 [m- [91merror [90mTS2304: [mCannot find name 'afterEach'.[K

[7m148[27m     afterEach(() => {[K
[7m   [27m     [91m~~~~~~~~~[K[m

[96m../pulsar.dev/src/testing/mocks.ts[m:[93m149[m:[93m7 [m- [91merror [90mTS2304: [mCannot find name 'global'.[K

[7m149[27m       global.fetch = originalFetch;[K
[7m   [27m       [91m~~~~~~[K[m

[96m../pulsar.dev/src/testing/render.ts[m:[93m87[m:[93m14 [m- [91merror [90mTS2304: [mCannot find name 'afterEach'.[K

[7m87[27m   if (typeof afterEach !== 'undefined') {[K
[7m  [27m[14X[91m[14C~~~~~~~~~[K[m

[96m../pulsar.dev/src/testing/render.ts[m:[93m88[m:[93m5 [m- [91merror [90mTS2304: [mCannot find name 'afterEach'.[K

[7m88[27m     afterEach(() => {[K
[7m  [27m     [91m~~~~~~~~~[K[m


Found 70 errors in 25 files.

Errors  Files
     7  ../formular.dev/src/core/formular-engine/formular-base/formular-base.types.ts[90m:1[K[m
     6  ../formular.dev/src/core/framework/schema/descriptor/field.descriptor.ts[90m:1[K[m
     4  ../formular.dev/src/core/managers/formular-manager/formular-manager.types.ts[90m:1[K[m
     3  ../pulsar-ui.dev/src/components/atoms/checkbox/checkbox.tsx[90m:6[K[m
     3  ../pulsar-ui.dev/src/components/atoms/input/input.tsx[90m:6[K[m
     2  ../pulsar-ui.dev/src/components/atoms/radio/radio.tsx[90m:6[K[m
     1  ../pulsar-ui.dev/src/components/atoms/spinner/spinner.tsx[90m:7[K[m
     3  ../pulsar-ui.dev/src/components/atoms/textarea/textarea.tsx[90m:6[K[m
     2  ../pulsar-ui.dev/src/components/atoms/toggle/toggle.tsx[90m:6[K[m
     2  ../pulsar-ui.dev/src/components/atoms/typography/typography.tsx[90m:6[K[m
     3  ../pulsar-ui.dev/src/components/molecules/badge/badge.tsx[90m:7[K[m
     5  ../pulsar-ui.dev/src/components/molecules/button/button.tsx[90m:6[K[m
     1  ../pulsar-ui.dev/src/components/molecules/label/label.tsx[90m:7[K[m
     1  ../pulsar-ui.dev/src/components/molecules/radio-group/radio-group.tsx[90m:7[K[m
     3  ../pulsar-ui.dev/src/components/organisms/card/card.tsx[90m:7[K[m
     3  ../pulsar-ui.dev/src/components/organisms/select/select.tsx[90m:7[K[m
     3  ../pulsar-ui.dev/src/design/utility/class-names.ts[90m:5[K[m
     1  ../pulsar-ui.dev/src/design/utility/rounded-classes.ts[90m:5[K[m
     2  ../pulsar.dev/src/dev/dev.types.ts[90m:8[K[m
     1  ../pulsar.dev/src/error-boundary/catcher.ts[90m:39[K[m
     2  ../pulsar.dev/src/http/utils/create-http-error.ts[90m:27[K[m
     2  ../pulsar.dev/src/ssr/static/generate-static.ts[90m:5[K[m
     1  ../pulsar.dev/src/state/persistence/create-persist-middleware.ts[90m:26[K[m
     7  ../pulsar.dev/src/testing/mocks.ts[90m:70[K[m
     2  ../pulsar.dev/src/testing/render.ts[90m:87[K[m
[30m[41mâ€‰ELIFECYCLEâ€‰[m [31mCommand failed with exit code 2.[m
